<?xml version="1.0" encoding="utf-8"?><testsuites name="pytest tests"><testsuite name="pytest" errors="0" failures="0" skipped="0" tests="19" time="3.248" timestamp="2026-05-11T00:31:58.236207+00:00" hostname="agent-env-43ed0394-a76c-4920-a3af-0d8c24810655"><testcase classname="backend.tests.test_shipments_api.TestPublicTrack" name="test_public_track_demo_awb_returns_scrubbed" time="0.237" /><testcase classname="backend.tests.test_shipments_api.TestPublicTrack" name="test_public_track_invalid_awb_404" time="0.143" /><testcase classname="backend.tests.test_shipments_api.TestPublicTrack" name="test_public_track_no_auth_required" time="0.128" /><testcase classname="backend.tests.test_shipments_api.TestShipmentsList" name="test_list_requires_auth" time="0.143" /><testcase classname="backend.tests.test_shipments_api.TestShipmentsList" name="test_list_default_pagination" time="0.532" /><testcase classname="backend.tests.test_shipments_api.TestShipmentsList" name="test_list_filter_status[IN_TRANSIT-8]" time="0.112" /><testcase classname="backend.tests.test_shipments_api.TestShipmentsList" name="test_list_filter_status[DELIVERED-5]" time="0.114" /><testcase classname="backend.tests.test_shipments_api.TestShipmentsList" name="test_list_filter_status[PENDING-2]" time="0.104" /><testcase classname="backend.tests.test_shipments_api.TestShipmentsList" name="test_list_filter_status[ON_HOLD-2]" time="0.118" /><testcase classname="backend.tests.test_shipments_api.TestShipmentsList" name="test_list_filter_status[EXCEPTION-1]" time="0.128" /><testcase classname="backend.tests.test_shipments_api.TestShipmentsList" name="test_list_filter_status[OUT_FOR_DELIVERY-4]" time="0.106" /><testcase classname="backend.tests.test_shipments_api.TestShipmentsList" name="test_list_filter_status[PICKED_UP-3]" time="0.202" /><testcase classname="backend.tests.test_shipments_api.TestShipmentsList" name="test_list_search_sydney" time="0.115" /><testcase classname="backend.tests.test_shipments_api.TestShipmentsList" name="test_list_pagination_page2" time="0.113" /><testcase classname="backend.tests.test_shipments_api.TestShipmentDetail" name="test_detail_no_auth_returns_401" time="0.106" /><testcase classname="backend.tests.test_shipments_api.TestShipmentDetail" name="test_detail_full_pii" time="0.130" /><testcase classname="backend.tests.test_shipments_api.TestShipmentDetail" name="test_detail_invalid_awb_returns_404" time="0.115" /><testcase classname="backend.tests.test_shipments_api.TestRegression" name="test_login_still_works" time="0.397" /><testcase classname="backend.tests.test_shipments_api.TestRegression" name="test_me_with_token" time="0.122" /></testsuite></testsuites>