<?xml version="1.0" encoding="utf-8"?><testsuites name="pytest tests"><testsuite name="pytest" errors="0" failures="0" skipped="0" tests="16" time="2.520" timestamp="2026-05-11T00:12:37.128833+00:00" hostname="agent-env-43ed0394-a76c-4920-a3af-0d8c24810655"><testcase classname="backend.tests.test_auth_api.TestHealth" name="test_root" time="0.139" /><testcase classname="backend.tests.test_auth_api.TestHealth" name="test_openapi_public" time="0.055" /><testcase classname="backend.tests.test_auth_api.TestLogin" name="test_login_success" time="0.303" /><testcase classname="backend.tests.test_auth_api.TestLogin" name="test_login_wrong_password" time="0.270" /><testcase classname="backend.tests.test_auth_api.TestLogin" name="test_login_nonexistent" time="0.049" /><testcase classname="backend.tests.test_auth_api.TestMe" name="test_me_no_auth" time="0.112" /><testcase classname="backend.tests.test_auth_api.TestMe" name="test_me_invalid_token" time="0.115" /><testcase classname="backend.tests.test_auth_api.TestMe" name="test_me_valid" time="0.514" /><testcase classname="backend.tests.test_auth_api.TestRegister" name="test_register_success_and_auto_login" time="0.397" /><testcase classname="backend.tests.test_auth_api.TestRegister" name="test_register_duplicate" time="0.066" /><testcase classname="backend.tests.test_auth_api.TestRegister" name="test_register_short_password" time="0.046" /><testcase classname="backend.tests.test_auth_api.TestRegister" name="test_register_invalid_email" time="0.074" /><testcase classname="backend.tests.test_auth_api.TestForgot" name="test_forgot_password_any_email" time="0.046" /><testcase classname="backend.tests.test_auth_api.TestLogout" name="test_logout_no_auth" time="0.117" /><testcase classname="backend.tests.test_auth_api.TestLogout" name="test_logout_with_auth" time="0.126" /><testcase classname="backend.tests.test_auth_api.TestJWT" name="test_jwt_hs256_and_expiry" time="0.013" /></testsuite></testsuites>