<?xml version="1.0" encoding="utf-8"?><testsuites name="pytest tests"><testsuite name="pytest" errors="0" failures="2" skipped="0" tests="30" time="3.588" timestamp="2026-05-11T01:15:39.844414+00:00" hostname="agent-env-43ed0394-a76c-4920-a3af-0d8c24810655"><testcase classname="backend.tests.test_parts_a_to_e.TestAuthProfile" name="test_me_get" time="0.502" /><testcase classname="backend.tests.test_parts_a_to_e.TestAuthProfile" name="test_me_update" time="0.051" /><testcase classname="backend.tests.test_parts_a_to_e.TestAuthProfile" name="test_password_wrong_current" time="0.275" /><testcase classname="backend.tests.test_parts_a_to_e.TestAuthProfile" name="test_password_correct_and_revert" time="0.999" /><testcase classname="backend.tests.test_parts_a_to_e.TestQuotes" name="test_three_options_pgk" time="0.060" /><testcase classname="backend.tests.test_parts_a_to_e.TestAddresses" name="test_list" time="0.050" /><testcase classname="backend.tests.test_parts_a_to_e.TestAddresses" name="test_create" time="0.054" /><testcase classname="backend.tests.test_parts_a_to_e.TestAddresses" name="test_update" time="0.051" /><testcase classname="backend.tests.test_parts_a_to_e.TestAddresses" name="test_default_toggle" time="0.160"><failure message="Failed: default toggle failed: last=400 {&quot;detail&quot;:&quot;kind must be 'sender' or 'receiver'&quot;}">E   Failed: default toggle failed: last=400 {"detail":"kind must be 'sender' or 'receiver'"}</failure></testcase><testcase classname="backend.tests.test_parts_a_to_e.TestAddresses" name="test_delete" time="0.050" /><testcase classname="backend.tests.test_parts_a_to_e.TestPickups" name="test_list" time="0.055" /><testcase classname="backend.tests.test_parts_a_to_e.TestPickups" name="test_create_with_confirmation" time="0.050" /><testcase classname="backend.tests.test_parts_a_to_e.TestPickups" name="test_cancel" time="0.051" /><testcase classname="backend.tests.test_parts_a_to_e.TestPayments" name="test_success" time="0.098" /><testcase classname="backend.tests.test_parts_a_to_e.TestPayments" name="test_decline" time="0.051" /><testcase classname="backend.tests.test_parts_a_to_e.TestPayments" name="test_invalid_luhn" time="0.048" /><testcase classname="backend.tests.test_parts_a_to_e.TestShipmentsAndLabel" name="test_label_pdf_for_demo_awb" time="0.087" /><testcase classname="backend.tests.test_parts_a_to_e.TestShipmentsAndLabel" name="test_create_shipment" time="0.057" /><testcase classname="backend.tests.test_parts_a_to_e.TestInvoices" name="test_list" time="0.048" /><testcase classname="backend.tests.test_parts_a_to_e.TestInvoices" name="test_get" time="0.054" /><testcase classname="backend.tests.test_parts_a_to_e.TestInvoices" name="test_pdf" time="0.061" /><testcase classname="backend.tests.test_parts_a_to_e.TestInvoices" name="test_pay_flips_status" time="0.104" /><testcase classname="backend.tests.test_parts_a_to_e.TestReports" name="test_overview_has_all_keys" time="0.053"><failure message="AssertionError: SPEC VIOLATION: 'dailyVolume' missing. Keys: ['monthlySpend', 'shipmentsByService', 'shipmentsByStatus', 'topDestinations', 'volumeOverTime']&#10;assert 'dailyVolume' in {'monthlySpend': [{'month': 'Dec 2025', 'totalPGK': 0.0}, {'month': 'Jan 2026', 'totalPGK': 0.0}, {'month': 'Feb 2026', 'totalPGK': 0.0}, {'month': 'Mar 2026', 'totalPGK': 1330.77}, {'month': 'Apr 2026', 'totalPGK': 884.48}, {'month': 'May 2026', 'totalPGK': 9270.79}], 'shipmentsByService': [{'count': 6, 'service': 'EXPRESS_WORLDWIDE', 'totalPGK': 3085.33}, {'count': 9, 'service': 'EXPRESS_12_00', 'totalPGK': 4495.52}, {'count': 12, 'service': 'ECONOMY_SELECT', 'totalPGK': 3905.19}], 'shipmentsByStatus': [{'count': 4, 'status': 'PENDING'}, {'count': 3, 'status': 'PICKED_UP'}, {'count': 8, 'status': 'IN_TRANSIT'}, {'count': 1, 'status': 'EXCEPTION'}, {'count': 4, 'status': 'OUT_FOR_DELIVERY'}, {'count': 2, 'status': 'ON_HOLD'}, ...], 'topDestinations': [{'city': 'Sydney', 'count': 6, 'country': 'AU', 'totalPGK': 2333.2}, {'city': 'Hong Kong', 'count': 3, 'country': 'HK', 'totalPGK': 1374.73}, {'city': 'Tokyo', 'count': 3, 'country': 'JP', 'totalPGK': 741.45}, {'city': 'Singapore', 'count': 3, 'country': 'SG', 'totalPGK': 1287.37}, {'city': 'Auckland', 'count': 3, 'country': 'NZ', 'totalPGK': 960.77}], ...}">E   AssertionError: SPEC VIOLATION: 'dailyVolume' missing. Keys: ['monthlySpend', 'shipmentsByService', 'shipmentsByStatus', 'topDestinations', 'volumeOverTime']
    assert 'dailyVolume' in {'monthlySpend': [{'month': 'Dec 2025', 'totalPGK': 0.0}, {'month': 'Jan 2026', 'totalPGK': 0.0}, {'month': 'Feb 2026', 'totalPGK': 0.0}, {'month': 'Mar 2026', 'totalPGK': 1330.77}, {'month': 'Apr 2026', 'totalPGK': 884.48}, {'month': 'May 2026', 'totalPGK': 9270.79}], 'shipmentsByService': [{'count': 6, 'service': 'EXPRESS_WORLDWIDE', 'totalPGK': 3085.33}, {'count': 9, 'service': 'EXPRESS_12_00', 'totalPGK': 4495.52}, {'count': 12, 'service': 'ECONOMY_SELECT', 'totalPGK': 3905.19}], 'shipmentsByStatus': [{'count': 4, 'status': 'PENDING'}, {'count': 3, 'status': 'PICKED_UP'}, {'count': 8, 'status': 'IN_TRANSIT'}, {'count': 1, 'status': 'EXCEPTION'}, {'count': 4, 'status': 'OUT_FOR_DELIVERY'}, {'count': 2, 'status': 'ON_HOLD'}, ...], 'topDestinations': [{'city': 'Sydney', 'count': 6, 'country': 'AU', 'totalPGK': 2333.2}, {'city': 'Hong Kong', 'count': 3, 'country': 'HK', 'totalPGK': 1374.73}, {'city': 'Tokyo', 'count': 3, 'country': 'JP', 'totalPGK': 741.45}, {'city': 'Singapore', 'count': 3, 'country': 'SG', 'totalPGK': 1287.37}, {'city': 'Auckland', 'count': 3, 'country': 'NZ', 'totalPGK': 960.77}], ...}</failure></testcase><testcase classname="backend.tests.test_parts_a_to_e.TestReports" name="test_pdf" time="0.055" /><testcase classname="backend.tests.test_parts_a_to_e.TestCustoms" name="test_create" time="0.073" /><testcase classname="backend.tests.test_parts_a_to_e.TestCustoms" name="test_list" time="0.049" /><testcase classname="backend.tests.test_parts_a_to_e.TestCustoms" name="test_pdf" time="0.061" /><testcase classname="backend.tests.test_parts_a_to_e.TestNotifications" name="test_get" time="0.050" /><testcase classname="backend.tests.test_parts_a_to_e.TestNotifications" name="test_put" time="0.049" /><testcase classname="backend.tests.test_parts_a_to_e.TestPublic" name="test_openapi_no_auth" time="0.080" /></testsuite></testsuites>